<?xml version="1.0" encoding="UTF-8"?>
<!-- Generated by org.testng.reporters.JUnitReportReporter -->
<testsuite hostname="DESKTOP-MSQPD3J" name="MavenAutomation.MavenTest" tests="1" failures="0" timestamp="14 Mar 2019 13:49:54 GMT" time="0.009" errors="0">
  <testcase name="sum" time="0.009" classname="MavenAutomation.MavenTest"/>
</testsuite> <!-- MavenAutomation.MavenTest -->
